40 error Error: Command failed with exit code 1: git commit -F C:\Users\86183\AppData\Local\Temp\a0ec1f5e-adf7-4503-95a1-ca3f494ae782\lerna-commit.txt
40 error [33m[STARTED][39m Preparing lint-staged...
40 error [32m[COMPLETED][39m Preparing lint-staged...
40 error [33m[STARTED][39m Running tasks for staged files...
40 error [33m[STARTED][39m package.json — 2 files
40 error [33m[STARTED][39m *.{md,json} — 2 files
40 error [33m[STARTED][39m *.{css,less} — 0 files
40 error [33m[STARTED][39m *.{js,jsx} — 0 files
40 error [33m[STARTED][39m *.{ts,tsx} — 0 files
40 error [33m[SKIPPED][39m *.{css,less} — no files
40 error [33m[SKIPPED][39m *.{js,jsx} — no files
40 error [33m[SKIPPED][39m *.{ts,tsx} — no files
40 error [33m[STARTED][39m prettier --write --no-error-on-unmatched-pattern
40 error [32m[COMPLETED][39m prettier --write --no-error-on-unmatched-pattern
40 error [32m[COMPLETED][39m *.{md,json} — 2 files
40 error [32m[COMPLETED][39m package.json — 2 files
40 error [32m[COMPLETED][39m Running tasks for staged files...
40 error [33m[STARTED][39m Applying modifications from tasks...
40 error [32m[COMPLETED][39m Applying modifications from tasks...
40 error [33m[STARTED][39m Cleaning up temporary files...
40 error [32m[COMPLETED][39m Cleaning up temporary files...
40 error ⧗   input: Publish
40 error
40 error  - novo-ui@1.0.2
40 error  - novokit@1.0.2
40 error ✖   subject may not be empty [subject-empty]
40 error ✖   type may not be empty [type-empty]
40 error
40 error ✖   found 2 problems, 0 warnings
40 error ⓘ   Get help: https://github.com/conventional-changelog/commitlint/#what-is-commitlint
40 error
40 error husky - commit-msg hook exited with code 1 (error)
40 error     at makeError (E:\lerna\lerna-dumi-novojs\node_modules\lerna\node_modules\execa\lib\error.js:59:11)
40 error     at handlePromise (E:\lerna\lerna-dumi-novojs\node_modules\lerna\node_modules\execa\index.js:114:26)
40 error     at process.processTicksAndRejections (node:internal/process/task_queues:95:5)
40 error     at async VersionCommand.gitCommitAndTagVersionForUpdates (E:\lerna\lerna-dumi-novojs\node_modules\lerna\dist\index.js:8530:11)
40 error     at async VersionCommand.commitAndTagUpdates (E:\lerna\lerna-dumi-novojs\node_modules\lerna\dist\index.js:8511:18)
40 error     at async Promise.all (index 0)
